mode: set
boxin/service/homework/handler/homework.go:34.131,47.86 6 1
boxin/service/homework/handler/homework.go:53.2,62.72 5 1
boxin/service/homework/handler/homework.go:81.2,81.12 1 1
boxin/service/homework/handler/homework.go:47.86,52.3 4 0
boxin/service/homework/handler/homework.go:62.72,67.3 4 0
boxin/service/homework/handler/homework.go:84.122,85.81 1 1
boxin/service/homework/handler/homework.go:91.2,94.76 3 1
boxin/service/homework/handler/homework.go:100.2,102.12 3 1
boxin/service/homework/handler/homework.go:85.81,90.3 4 0
boxin/service/homework/handler/homework.go:94.76,99.3 4 0
boxin/service/homework/handler/homework.go:105.124,118.75 4 1
boxin/service/homework/handler/homework.go:124.2,133.76 4 1
boxin/service/homework/handler/homework.go:139.2,141.12 3 1
boxin/service/homework/handler/homework.go:118.75,123.3 4 0
boxin/service/homework/handler/homework.go:133.76,138.3 4 0
boxin/service/homework/handler/homework.go:144.122,148.16 2 1
boxin/service/homework/handler/homework.go:155.2,171.12 3 1
boxin/service/homework/handler/homework.go:148.16,153.3 4 0
boxin/service/homework/handler/homework.go:174.134,177.16 2 1
boxin/service/homework/handler/homework.go:184.2,185.27 2 1
boxin/service/homework/handler/homework.go:206.2,211.12 2 1
boxin/service/homework/handler/homework.go:177.16,182.3 4 0
boxin/service/homework/handler/homework.go:185.27,187.17 2 1
boxin/service/homework/handler/homework.go:193.3,203.5 1 1
boxin/service/homework/handler/homework.go:187.17,192.4 4 0
boxin/service/homework/handler/homework.go:214.140,217.16 2 1
boxin/service/homework/handler/homework.go:224.2,225.27 2 1
boxin/service/homework/handler/homework.go:246.2,251.12 2 1
boxin/service/homework/handler/homework.go:217.16,222.3 4 0
boxin/service/homework/handler/homework.go:225.27,227.17 2 1
boxin/service/homework/handler/homework.go:233.3,243.5 1 1
boxin/service/homework/handler/homework.go:227.17,232.4 4 0
