mode: set
boxin/service/courseclass/handler/courseclass.go:22.116,27.2 4 1
boxin/service/courseclass/handler/courseclass.go:29.119,42.79 4 1
boxin/service/courseclass/handler/courseclass.go:48.2,50.12 3 1
boxin/service/courseclass/handler/courseclass.go:42.79,47.3 4 1
boxin/service/courseclass/handler/courseclass.go:53.129,75.2 5 1
boxin/service/courseclass/handler/courseclass.go:77.138,82.29 4 1
boxin/service/courseclass/handler/courseclass.go:100.2,105.12 2 1
boxin/service/courseclass/handler/courseclass.go:82.29,99.3 4 1
boxin/service/courseclass/handler/courseclass.go:108.102,118.2 5 1
boxin/service/courseclass/handler/courseclass.go:120.111,125.2 4 1
boxin/service/courseclass/handler/courseclass.go:127.113,132.2 4 1
boxin/service/courseclass/handler/courseclass.go:134.122,139.2 4 1
boxin/service/courseclass/handler/courseclass.go:141.125,145.25 3 1
boxin/service/courseclass/handler/courseclass.go:157.2,162.12 2 1
boxin/service/courseclass/handler/courseclass.go:145.25,155.3 1 1
boxin/service/courseclass/handler/courseclass.go:170.121,213.2 13 1
