mode: set
boxin/service/user/handler/user.go:21.120,23.17 2 1
boxin/service/user/handler/user.go:31.2,32.17 2 1
boxin/service/user/handler/user.go:40.2,41.17 2 1
boxin/service/user/handler/user.go:49.2,74.12 4 1
boxin/service/user/handler/user.go:23.17,30.3 3 1
boxin/service/user/handler/user.go:32.17,39.3 3 1
boxin/service/user/handler/user.go:41.17,48.3 3 1
boxin/service/user/handler/user.go:80.122,82.17 2 1
boxin/service/user/handler/user.go:90.2,91.17 2 1
boxin/service/user/handler/user.go:99.2,100.17 2 1
boxin/service/user/handler/user.go:108.2,133.12 4 1
boxin/service/user/handler/user.go:82.17,89.3 3 1
boxin/service/user/handler/user.go:91.17,98.3 3 1
boxin/service/user/handler/user.go:100.17,107.3 3 1
boxin/service/user/handler/user.go:139.122,141.17 2 1
boxin/service/user/handler/user.go:149.2,150.17 2 1
boxin/service/user/handler/user.go:158.2,159.17 2 1
boxin/service/user/handler/user.go:167.2,192.12 4 1
boxin/service/user/handler/user.go:141.17,148.3 3 1
boxin/service/user/handler/user.go:150.17,157.3 3 1
boxin/service/user/handler/user.go:159.17,166.3 3 1
boxin/service/user/handler/user.go:198.113,211.16 3 1
boxin/service/user/handler/user.go:219.2,223.12 2 1
boxin/service/user/handler/user.go:211.16,218.3 3 1
boxin/service/user/handler/user.go:229.104,231.16 2 1
boxin/service/user/handler/user.go:240.2,254.12 2 1
boxin/service/user/handler/user.go:231.16,239.3 3 1
boxin/service/user/handler/user.go:260.111,262.32 2 1
boxin/service/user/handler/user.go:283.2,288.12 2 1
boxin/service/user/handler/user.go:262.32,264.17 2 1
boxin/service/user/handler/user.go:272.3,281.5 1 1
boxin/service/user/handler/user.go:264.17,271.4 2 1
