mode: set
boxin/service/answer/handler/answer.go:25.123,44.2 11 1
boxin/service/answer/handler/answer.go:46.114,55.2 7 1
boxin/service/answer/handler/answer.go:57.116,78.2 10 1
boxin/service/answer/handler/answer.go:80.114,96.2 4 1
boxin/service/answer/handler/answer.go:98.128,102.25 3 1
boxin/service/answer/handler/answer.go:113.2,118.12 2 1
boxin/service/answer/handler/answer.go:102.25,111.3 3 1
boxin/service/answer/handler/answer.go:121.140,125.25 3 1
boxin/service/answer/handler/answer.go:136.2,141.12 2 1
boxin/service/answer/handler/answer.go:125.25,134.3 3 1
boxin/service/answer/handler/answer.go:144.167,149.25 5 1
boxin/service/answer/handler/answer.go:166.2,171.12 2 1
boxin/service/answer/handler/answer.go:149.25,150.26 1 1
boxin/service/answer/handler/answer.go:150.26,151.51 1 1
boxin/service/answer/handler/answer.go:151.51,161.10 5 1
boxin/service/answer/handler/answer.go:179.121,208.2 13 1
boxin/service/answer/handler/answer.go:210.121,231.2 11 1
