mode: set
boxin/service/user/handler/user.go:21.120,23.17 2 1
boxin/service/user/handler/user.go:31.2,32.17 2 1
boxin/service/user/handler/user.go:40.2,41.17 2 1
boxin/service/user/handler/user.go:49.2,59.16 3 1
boxin/service/user/handler/user.go:68.2,73.12 2 1
boxin/service/user/handler/user.go:23.17,30.3 3 1
boxin/service/user/handler/user.go:32.17,39.3 3 1
boxin/service/user/handler/user.go:41.17,48.3 3 1
boxin/service/user/handler/user.go:59.16,67.3 3 0
boxin/service/user/handler/user.go:79.122,81.17 2 1
boxin/service/user/handler/user.go:89.2,90.17 2 1
boxin/service/user/handler/user.go:98.2,99.17 2 1
boxin/service/user/handler/user.go:107.2,117.16 3 1
boxin/service/user/handler/user.go:126.2,131.12 2 1
boxin/service/user/handler/user.go:81.17,88.3 3 1
boxin/service/user/handler/user.go:90.17,97.3 3 1
boxin/service/user/handler/user.go:99.17,106.3 3 1
boxin/service/user/handler/user.go:117.16,125.3 3 0
boxin/service/user/handler/user.go:137.122,139.17 2 1
boxin/service/user/handler/user.go:147.2,148.17 2 1
boxin/service/user/handler/user.go:156.2,157.17 2 1
boxin/service/user/handler/user.go:165.2,175.16 3 1
boxin/service/user/handler/user.go:184.2,189.12 2 1
boxin/service/user/handler/user.go:139.17,146.3 3 1
boxin/service/user/handler/user.go:148.17,155.3 3 1
boxin/service/user/handler/user.go:157.17,164.3 3 1
boxin/service/user/handler/user.go:175.16,183.3 3 0
boxin/service/user/handler/user.go:195.113,206.16 3 1
boxin/service/user/handler/user.go:214.2,218.12 2 1
boxin/service/user/handler/user.go:206.16,213.3 3 0
boxin/service/user/handler/user.go:224.104,226.16 2 1
boxin/service/user/handler/user.go:235.2,248.12 2 1
boxin/service/user/handler/user.go:226.16,234.3 3 0
boxin/service/user/handler/user.go:254.111,256.32 2 1
boxin/service/user/handler/user.go:276.2,281.12 2 1
boxin/service/user/handler/user.go:256.32,258.17 2 1
boxin/service/user/handler/user.go:266.3,274.5 1 1
boxin/service/user/handler/user.go:258.17,265.4 2 0
