mode: set
boxin/service/user/handler/user.go:21.120,23.17 2 1
boxin/service/user/handler/user.go:31.2,32.17 2 1
boxin/service/user/handler/user.go:40.2,41.17 2 1
boxin/service/user/handler/user.go:49.2,74.12 4 1
boxin/service/user/handler/user.go:23.17,30.3 3 1
boxin/service/user/handler/user.go:32.17,39.3 3 1
boxin/service/user/handler/user.go:41.17,48.3 3 1
boxin/service/user/handler/user.go:80.122,82.17 2 1
boxin/service/user/handler/user.go:90.2,91.17 2 1
boxin/service/user/handler/user.go:99.2,100.17 2 1
boxin/service/user/handler/user.go:108.2,133.12 4 1
boxin/service/user/handler/user.go:82.17,89.3 3 1
boxin/service/user/handler/user.go:91.17,98.3 3 1
boxin/service/user/handler/user.go:100.17,107.3 3 1
boxin/service/user/handler/user.go:139.122,141.17 2 1
boxin/service/user/handler/user.go:149.2,150.17 2 1
boxin/service/user/handler/user.go:158.2,159.17 2 1
boxin/service/user/handler/user.go:167.2,192.12 4 1
boxin/service/user/handler/user.go:141.17,148.3 3 1
boxin/service/user/handler/user.go:150.17,157.3 3 1
boxin/service/user/handler/user.go:159.17,166.3 3 1
boxin/service/user/handler/user.go:198.113,210.16 3 1
boxin/service/user/handler/user.go:218.2,222.12 2 1
boxin/service/user/handler/user.go:210.16,217.3 3 1
boxin/service/user/handler/user.go:228.104,230.16 2 1
boxin/service/user/handler/user.go:239.2,253.12 2 1
boxin/service/user/handler/user.go:230.16,238.3 3 1
boxin/service/user/handler/user.go:259.111,261.32 2 1
boxin/service/user/handler/user.go:282.2,287.12 2 1
boxin/service/user/handler/user.go:261.32,263.17 2 1
boxin/service/user/handler/user.go:271.3,280.5 1 1
boxin/service/user/handler/user.go:263.17,270.4 2 1
